Traceback (most recent call last):
  File "/usr/local/lib/python3.7/dist-packages/jupyter_cache/executors/utils.py", line 56, in single_nb_execution
    record_timing=False,
  File "/usr/local/lib/python3.7/dist-packages/nbclient/client.py", line 1204, in execute
    return NotebookClient(nb=nb, resources=resources, km=km, **kwargs).execute()
  File "/usr/local/lib/python3.7/dist-packages/nbclient/util.py", line 84, in wrapped
    return just_run(coro(*args, **kwargs))
  File "/usr/local/lib/python3.7/dist-packages/nbclient/util.py", line 62, in just_run
    return loop.run_until_complete(coro)
  File "/usr/lib/python3.7/asyncio/base_events.py", line 587, in run_until_complete
    return future.result()
  File "/usr/local/lib/python3.7/dist-packages/nbclient/client.py", line 664, in async_execute
    cell, index, execution_count=self.code_cells_executed + 1
  File "/usr/local/lib/python3.7/dist-packages/nbclient/client.py", line 965, in async_execute_cell
    await self._check_raise_for_error(cell, cell_index, exec_reply)
  File "/usr/local/lib/python3.7/dist-packages/nbclient/client.py", line 862, in _check_raise_for_error
    raise CellExecutionError.from_cell_and_msg(cell, exec_reply_content)
nbclient.exceptions.CellExecutionError: An error occurred while executing the following cell:
------------------
import pandas as pd
pd.options.mode.chained_assignment = None
pd.options.display.max_colwidth = None
pd.options.display.max_columns = None
pd.options.display.max_rows = None
df = pd.read_json('hasil.json')
df
------------------

[0;31m[0m
[0;31mValueError[0mTraceback (most recent call last)
[0;32m<ipython-input-5-ae0aa2f6db03>[0m in [0;36m<module>[0;34m[0m
[1;32m      4[0m [0mpd[0m[0;34m.[0m[0moptions[0m[0;34m.[0m[0mdisplay[0m[0;34m.[0m[0mmax_columns[0m [0;34m=[0m [0;32mNone[0m[0;34m[0m[0;34m[0m[0m
[1;32m      5[0m [0mpd[0m[0;34m.[0m[0moptions[0m[0;34m.[0m[0mdisplay[0m[0;34m.[0m[0mmax_rows[0m [0;34m=[0m [0;32mNone[0m[0;34m[0m[0;34m[0m[0m
[0;32m----> 6[0;31m [0mdf[0m [0;34m=[0m [0mpd[0m[0;34m.[0m[0mread_json[0m[0;34m([0m[0;34m'hasil.json'[0m[0;34m)[0m[0;34m[0m[0;34m[0m[0m
[0m[1;32m      7[0m [0mdf[0m[0;34m[0m[0;34m[0m[0m

[0;32m/usr/local/lib/python3.7/dist-packages/pandas/util/_decorators.py[0m in [0;36mwrapper[0;34m(*args, **kwargs)[0m
[1;32m    205[0m                 [0;32melse[0m[0;34m:[0m[0;34m[0m[0;34m[0m[0m
[1;32m    206[0m                     [0mkwargs[0m[0;34m[[0m[0mnew_arg_name[0m[0;34m][0m [0;34m=[0m [0mnew_arg_value[0m[0;34m[0m[0;34m[0m[0m
[0;32m--> 207[0;31m             [0;32mreturn[0m [0mfunc[0m[0;34m([0m[0;34m*[0m[0margs[0m[0;34m,[0m [0;34m**[0m[0mkwargs[0m[0;34m)[0m[0;34m[0m[0;34m[0m[0m
[0m[1;32m    208[0m [0;34m[0m[0m
[1;32m    209[0m         [0;32mreturn[0m [0mcast[0m[0;34m([0m[0mF[0m[0;34m,[0m [0mwrapper[0m[0;34m)[0m[0;34m[0m[0;34m[0m[0m

[0;32m/usr/local/lib/python3.7/dist-packages/pandas/util/_decorators.py[0m in [0;36mwrapper[0;34m(*args, **kwargs)[0m
[1;32m    309[0m                     [0mstacklevel[0m[0;34m=[0m[0mstacklevel[0m[0;34m,[0m[0;34m[0m[0;34m[0m[0m
[1;32m    310[0m                 )
[0;32m--> 311[0;31m             [0;32mreturn[0m [0mfunc[0m[0;34m([0m[0;34m*[0m[0margs[0m[0;34m,[0m [0;34m**[0m[0mkwargs[0m[0;34m)[0m[0;34m[0m[0;34m[0m[0m
[0m[1;32m    312[0m [0;34m[0m[0m
[1;32m    313[0m         [0;32mreturn[0m [0mwrapper[0m[0;34m[0m[0;34m[0m[0m

[0;32m/usr/local/lib/python3.7/dist-packages/pandas/io/json/_json.py[0m in [0;36mread_json[0;34m(path_or_buf, orient, typ, dtype, convert_axes, convert_dates, keep_default_dates, numpy, precise_float, date_unit, encoding, encoding_errors, lines, chunksize, compression, nrows, storage_options)[0m
[1;32m    612[0m [0;34m[0m[0m
[1;32m    613[0m     [0;32mwith[0m [0mjson_reader[0m[0;34m:[0m[0;34m[0m[0;34m[0m[0m
[0;32m--> 614[0;31m         [0;32mreturn[0m [0mjson_reader[0m[0;34m.[0m[0mread[0m[0;34m([0m[0;34m)[0m[0;34m[0m[0;34m[0m[0m
[0m[1;32m    615[0m [0;34m[0m[0m
[1;32m    616[0m [0;34m[0m[0m

[0;32m/usr/local/lib/python3.7/dist-packages/pandas/io/json/_json.py[0m in [0;36mread[0;34m(self)[0m
[1;32m    746[0m                 [0mobj[0m [0;34m=[0m [0mself[0m[0;34m.[0m[0m_get_object_parser[0m[0;34m([0m[0mself[0m[0;34m.[0m[0m_combine_lines[0m[0;34m([0m[0mdata_lines[0m[0;34m)[0m[0;34m)[0m[0;34m[0m[0;34m[0m[0m
[1;32m    747[0m         [0;32melse[0m[0;34m:[0m[0;34m[0m[0;34m[0m[0m
[0;32m--> 748[0;31m             [0mobj[0m [0;34m=[0m [0mself[0m[0;34m.[0m[0m_get_object_parser[0m[0;34m([0m[0mself[0m[0;34m.[0m[0mdata[0m[0;34m)[0m[0;34m[0m[0;34m[0m[0m
[0m[1;32m    749[0m         [0mself[0m[0;34m.[0m[0mclose[0m[0;34m([0m[0;34m)[0m[0;34m[0m[0;34m[0m[0m
[1;32m    750[0m         [0;32mreturn[0m [0mobj[0m[0;34m[0m[0;34m[0m[0m

[0;32m/usr/local/lib/python3.7/dist-packages/pandas/io/json/_json.py[0m in [0;36m_get_object_parser[0;34m(self, json)[0m
[1;32m    768[0m         [0mobj[0m [0;34m=[0m [0;32mNone[0m[0;34m[0m[0;34m[0m[0m
[1;32m    769[0m         [0;32mif[0m [0mtyp[0m [0;34m==[0m [0;34m"frame"[0m[0;34m:[0m[0;34m[0m[0;34m[0m[0m
[0;32m--> 770[0;31m             [0mobj[0m [0;34m=[0m [0mFrameParser[0m[0;34m([0m[0mjson[0m[0;34m,[0m [0;34m**[0m[0mkwargs[0m[0;34m)[0m[0;34m.[0m[0mparse[0m[0;34m([0m[0;34m)[0m[0;34m[0m[0;34m[0m[0m
[0m[1;32m    771[0m [0;34m[0m[0m
[1;32m    772[0m         [0;32mif[0m [0mtyp[0m [0;34m==[0m [0;34m"series"[0m [0;32mor[0m [0mobj[0m [0;32mis[0m [0;32mNone[0m[0;34m:[0m[0;34m[0m[0;34m[0m[0m

[0;32m/usr/local/lib/python3.7/dist-packages/pandas/io/json/_json.py[0m in [0;36mparse[0;34m(self)[0m
[1;32m    883[0m [0;34m[0m[0m
[1;32m    884[0m         [0;32melse[0m[0;34m:[0m[0;34m[0m[0;34m[0m[0m
[0;32m--> 885[0;31m             [0mself[0m[0;34m.[0m[0m_parse_no_numpy[0m[0;34m([0m[0;34m)[0m[0;34m[0m[0;34m[0m[0m
[0m[1;32m    886[0m [0;34m[0m[0m
[1;32m    887[0m         [0;32mif[0m [0mself[0m[0;34m.[0m[0mobj[0m [0;32mis[0m [0;32mNone[0m[0;34m:[0m[0;34m[0m[0;34m[0m[0m

[0;32m/usr/local/lib/python3.7/dist-packages/pandas/io/json/_json.py[0m in [0;36m_parse_no_numpy[0;34m(self)[0m
[1;32m   1138[0m         [0;32mif[0m [0morient[0m [0;34m==[0m [0;34m"columns"[0m[0;34m:[0m[0;34m[0m[0;34m[0m[0m
[1;32m   1139[0m             self.obj = DataFrame(
[0;32m-> 1140[0;31m                 [0mloads[0m[0;34m([0m[0mjson[0m[0;34m,[0m [0mprecise_float[0m[0;34m=[0m[0mself[0m[0;34m.[0m[0mprecise_float[0m[0;34m)[0m[0;34m,[0m [0mdtype[0m[0;34m=[0m[0;32mNone[0m[0;34m[0m[0;34m[0m[0m
[0m[1;32m   1141[0m             )
[1;32m   1142[0m         [0;32melif[0m [0morient[0m [0;34m==[0m [0;34m"split"[0m[0;34m:[0m[0;34m[0m[0;34m[0m[0m

[0;31mValueError[0m: Expected object or value
ValueError: Expected object or value

